<?xml version="1.0" encoding="UTF-8"?>
<!-- Generated by org.testng.reporters.JUnitXMLReporter -->
<testsuite hostname="DESKTOP-0ABTINE" ignored="0" name="Command line test" tests="2" failures="2" timestamp="16 Jan 2022 02:35:59 GMT" time="0.039" errors="0">
  <testcase name="validUserShouldBeAbleToAddCoustomer" time="0.0" classname="test.AddContactTest">
    <failure type="org.testng.TestNGException" message="
Parameter &amp;apos;username&amp;apos; is required by @Test on method validUserShouldBeAbleToAddCoustomer but has not been marked @Optional or defined
">
      <![CDATA[org.testng.TestNGException: 
Parameter 'username' is required by @Test on method validUserShouldBeAbleToAddCoustomer but has not been marked @Optional or defined

... Removed 34 stack frames]]>
    </failure>
  </testcase> <!-- validUserShouldBeAbleToAddCoustomer -->
  <testcase name="validUserShouldBeAbleToLogIn" time="0.0" classname="test.LoginTest">
    <failure type="org.testng.TestNGException" message="
Parameter &amp;apos;username&amp;apos; is required by @Test on method validUserShouldBeAbleToLogIn but has not been marked @Optional or defined
">
      <![CDATA[org.testng.TestNGException: 
Parameter 'username' is required by @Test on method validUserShouldBeAbleToLogIn but has not been marked @Optional or defined

... Removed 34 stack frames]]>
    </failure>
  </testcase> <!-- validUserShouldBeAbleToLogIn -->
</testsuite> <!-- Command line test -->
